{
  "RSpec": {
    "coverage": {
      "/mnt/c/Users/kalleth/Projects/smartpension-ex/spec/integration/command_line_spec.rb": [
        null,
        null,
        1,
        null,
        null,
        1,
        null,
        1,
        5,
        null,
        1,
        2,
        null,
        1,
        1,
        1,
        1,
        1,
        1,
        null,
        null,
        null,
        1,
        2,
        null,
        1,
        1,
        1,
        1,
        null,
        null,
        null,
        1,
        null,
        null,
        2,
        null,
        1,
        1,
        1,
        1,
        null,
        1,
        null,
        null,
        null,
        1,
        null,
        null,
        2,
        null,
        1,
        1,
        1,
        1,
        null,
        null,
        null,
        null,
        null,
        null,
        null,
        null,
        1,
        null,
        null,
        null
      ],
      "/mnt/c/Users/kalleth/Projects/smartpension-ex/spec/lib/analyser_spec.rb": [
        1,
        1,
        null,
        null,
        null,
        null,
        null,
        null,
        null,
        null,
        null,
        1,
        3,
        3,
        null,
        null,
        3,
        3,
        3,
        3,
        null,
        1,
        2,
        null,
        null,
        null,
        null,
        null,
        null,
        null,
        1,
        1,
        null,
        null,
        null,
        1,
        null,
        1,
        null,
        null,
        1,
        1,
        null,
        null,
        null,
        1,
        null,
        null,
        null,
        1,
        1,
        null,
        1,
        null,
        null
      ],
      "/mnt/c/Users/kalleth/Projects/smartpension-ex/lib/analyser.rb": [
        1,
        1,
        null,
        1,
        1,
        2,
        2,
        2,
        2,
        null,
        null,
        1,
        2,
        2,
        null,
        null,
        2,
        2,
        1,
        null,
        null,
        2,
        2,
        1,
        null,
        null,
        null,
        1,
        1,
        null,
        1,
        2,
        null,
        null,
        1,
        6,
        null,
        null
      ],
      "/mnt/c/Users/kalleth/Projects/smartpension-ex/lib/scanner.rb": [
        1,
        null,
        null,
        1,
        2,
        null,
        null,
        1,
        2,
        null,
        null,
        6,
        6,
        null,
        null,
        null,
        1,
        1,
        null
      ],
      "/mnt/c/Users/kalleth/Projects/smartpension-ex/lib/in_memory_repository.rb": [
        1,
        1,
        16,
        16,
        16,
        null,
        null,
        1,
        5,
        null,
        null,
        1,
        4,
        null,
        null,
        1,
        1,
        16,
        null,
        16,
        9,
        9,
        null,
        null,
        null,
        1,
        44,
        null,
        null,
        1,
        41,
        null,
        null
      ],
      "/mnt/c/Users/kalleth/Projects/smartpension-ex/spec/lib/in_memory_repository_spec.rb": [
        1,
        1,
        null,
        1,
        5,
        null,
        1,
        1,
        1,
        null,
        null,
        null,
        1,
        1,
        1,
        1,
        1,
        1,
        null,
        null,
        1,
        1,
        null,
        null,
        null,
        null,
        null,
        null,
        null,
        1,
        null,
        1,
        1,
        1,
        1,
        1,
        1,
        1,
        null,
        null,
        1,
        1,
        null,
        null,
        null,
        null,
        null,
        null,
        null,
        null,
        null,
        null,
        1,
        1,
        1,
        1,
        1,
        1,
        1,
        1,
        1,
        null,
        null,
        1,
        1,
        null,
        null,
        null,
        null,
        null,
        null,
        null,
        null,
        null,
        null
      ],
      "/mnt/c/Users/kalleth/Projects/smartpension-ex/spec/lib/scanner_spec.rb": [
        1,
        1,
        null,
        1,
        3,
        3,
        null,
        1,
        null,
        1,
        null,
        2,
        null,
        null,
        null,
        null,
        null,
        1,
        2,
        null,
        null,
        1,
        2,
        null,
        null,
        null,
        null,
        null,
        null,
        null
      ]
    },
    "timestamp": 1532892904
  }
}
